Line 18: Class MSComctlLib.ListView of control lvItemList was not a loaded control class.
Line 78: Class MSComctlLib.ImageList of control ImageList1 was not a loaded control class.
Line 116: Class MSComctlLib.Toolbar of control tb_Standard was not a loaded control class.
Line 300: Class MSComctlLib.ListView of control lvItems was not a loaded control class.
Line 3: Property Icon in PO_ReceiveOrderFrm could not be set.
Line 25: The property name _ExtentX in lvItemList is invalid.
Line 26: The property name _ExtentY in lvItemList is invalid.
Line 27: The property name View in lvItemList is invalid.
Line 28: The property name LabelEdit in lvItemList is invalid.
Line 29: The property name LabelWrap in lvItemList is invalid.
Line 30: The property name HideSelection in lvItemList is invalid.
Line 31: The property name FullRowSelect in lvItemList is invalid.
Line 32: The property name _Version in lvItemList is invalid.
Line 46: The property name NumItems in lvItemList is invalid.
Line 50: The property name ColumnHeader(1) in lvItemList is invalid.
Line 55: The property name ColumnHeader(2) in lvItemList is invalid.
Line 60: The property name ColumnHeader(3) in lvItemList is invalid.
Line 66: The property name ColumnHeader(4) in lvItemList is invalid.
Line 71: The property name ColumnHeader(5) in lvItemList is invalid.
Line 76: The property name ColumnHeader(6) in lvItemList is invalid.
Line 81: The property name _ExtentX in ImageList1 is invalid.
Line 82: The property name _ExtentY in ImageList1 is invalid.
Line 84: The property name ImageWidth in ImageList1 is invalid.
Line 85: The property name ImageHeight in ImageList1 is invalid.
Line 86: The property name MaskColor in ImageList1 is invalid.
Line 87: The property name _Version in ImageList1 is invalid.
Line 114: The property name Images in ImageList1 is invalid.
Line 122: The property name _ExtentX in tb_Standard is invalid.
Line 123: The property name _ExtentY in tb_Standard is invalid.
Line 124: The property name ButtonWidth in tb_Standard is invalid.
Line 125: The property name ButtonHeight in tb_Standard is invalid.
Line 126: The property name Style in tb_Standard is invalid.
Line 127: The property name TextAlignment in tb_Standard is invalid.
Line 128: The property name ImageList in tb_Standard is invalid.
Line 129: The property name _Version in tb_Standard is invalid.
Line 159: The property name Buttons in tb_Standard is invalid.
Line 274: Property Picture in btnItemSearch could not be set.
Line 306: The property name _ExtentX in lvItems is invalid.
Line 307: The property name _ExtentY in lvItems is invalid.
Line 308: The property name View in lvItems is invalid.
Line 309: The property name LabelEdit in lvItems is invalid.
Line 310: The property name MultiSelect in lvItems is invalid.
Line 311: The property name LabelWrap in lvItems is invalid.
Line 312: The property name HideSelection in lvItems is invalid.
Line 313: The property name FullRowSelect in lvItems is invalid.
Line 314: The property name GridLines in lvItems is invalid.
Line 315: The property name _Version in lvItems is invalid.
Line 329: The property name NumItems in lvItems is invalid.
Line 333: The property name ColumnHeader(1) in lvItems is invalid.
Line 338: The property name ColumnHeader(2) in lvItems is invalid.
Line 343: The property name ColumnHeader(3) in lvItems is invalid.
Line 348: The property name ColumnHeader(4) in lvItems is invalid.
Line 353: The property name ColumnHeader(5) in lvItems is invalid.
Line 359: The property name ColumnHeader(6) in lvItems is invalid.
Line 364: The property name ColumnHeader(7) in lvItems is invalid.
Line 369: The property name ColumnHeader(8) in lvItems is invalid.
Line 375: The property name ColumnHeader(9) in lvItems is invalid.
Line 381: The property name ColumnHeader(10) in lvItems is invalid.
Line 386: The property name ColumnHeader(11) in lvItems is invalid.
Line 391: The property name ColumnHeader(12) in lvItems is invalid.
Line 396: The property name ColumnHeader(13) in lvItems is invalid.
Line 401: The property name ColumnHeader(14) in lvItems is invalid.
Line 406: The property name ColumnHeader(15) in lvItems is invalid.
Line 539: Property Picture in Image1 could not be set.
Line 647: Property MouseIcon in lblShowHistory could not be set.
