Line 178: Class MSComctlLib.ListView of control lvReorder was not a loaded control class.
Line 244: Class MSComctlLib.ImageList of control ImageList1 was not a loaded control class.
Line 282: Class MSComctlLib.Toolbar of control tb_Standard was not a loaded control class.
Line 184: The property name _ExtentX in lvReorder is invalid.
Line 185: The property name _ExtentY in lvReorder is invalid.
Line 186: The property name View in lvReorder is invalid.
Line 187: The property name LabelEdit in lvReorder is invalid.
Line 188: The property name MultiSelect in lvReorder is invalid.
Line 189: The property name LabelWrap in lvReorder is invalid.
Line 190: The property name HideSelection in lvReorder is invalid.
Line 191: The property name FullRowSelect in lvReorder is invalid.
Line 192: The property name GridLines in lvReorder is invalid.
Line 193: The property name _Version in lvReorder is invalid.
Line 207: The property name NumItems in lvReorder is invalid.
Line 210: The property name ColumnHeader(1) in lvReorder is invalid.
Line 215: The property name ColumnHeader(2) in lvReorder is invalid.
Line 220: The property name ColumnHeader(3) in lvReorder is invalid.
Line 225: The property name ColumnHeader(4) in lvReorder is invalid.
Line 231: The property name ColumnHeader(5) in lvReorder is invalid.
Line 237: The property name ColumnHeader(6) in lvReorder is invalid.
Line 242: The property name ColumnHeader(7) in lvReorder is invalid.
Line 247: The property name _ExtentX in ImageList1 is invalid.
Line 248: The property name _ExtentY in ImageList1 is invalid.
Line 250: The property name ImageWidth in ImageList1 is invalid.
Line 251: The property name ImageHeight in ImageList1 is invalid.
Line 252: The property name MaskColor in ImageList1 is invalid.
Line 253: The property name _Version in ImageList1 is invalid.
Line 280: The property name Images in ImageList1 is invalid.
Line 288: The property name _ExtentX in tb_Standard is invalid.
Line 289: The property name _ExtentY in tb_Standard is invalid.
Line 290: The property name ButtonWidth in tb_Standard is invalid.
Line 291: The property name ButtonHeight in tb_Standard is invalid.
Line 292: The property name Style in tb_Standard is invalid.
Line 293: The property name TextAlignment in tb_Standard is invalid.
Line 294: The property name ImageList in tb_Standard is invalid.
Line 295: The property name _Version in tb_Standard is invalid.
Line 341: The property name Buttons in tb_Standard is invalid.
